生成启动时间为 2013/3/12 15:02:28。
     1>项目“D:\studymyself\c++\vs2010\download\download1\download1.vcxproj”在节点 2 上(build 个目标)。
     1>InitializeBuildStatus:
         正在创建“Debug\download1.unsuccessfulbuild”，因为已指定“AlwaysCreate”。
       ClCompile:
         所有输出均为最新。
         C:\Program Files\Microsoft Visual Studio 10.0\VC\bin\CL.exe /c /ZI /nologo /W3 /WX- /Od /Oy- /D WIN32 /D _DEBUG /D _WINDOWS /D _UNICODE /D UNICODE /Gm /EHsc /RTC1 /MDd /GS /fp:precise /Zc:wchar_t /Zc:forScope /Yu"StdAfx.h" /Fp"Debug\download1.pch" /Fo"Debug\\" /Fd"Debug\vc100.pdb" /Gd /TP /analyze- /errorReport:prompt download1.cpp
         download1.cpp
       ResourceCompile:
         所有输出均为最新。
       ManifestResourceCompile:
         所有输出均为最新。
       Link:
         C:\Program Files\Microsoft Visual Studio 10.0\VC\bin\link.exe /ERRORREPORT:PROMPT /OUT:"D:\studymyself\c++\vs2010\download\Debug\download1.exe" /INCREMENTAL /NOLOGO kernel32.lib user32.lib gdi32.lib winspool.lib comdlg32.lib advapi32.lib shell32.lib ole32.lib oleaut32.lib uuid.lib odbc32.lib odbccp32.lib /MANIFEST /ManifestFile:"Debug\download1.exe.intermediate.manifest" /MANIFESTUAC:"level='asInvoker' uiAccess='false'" /DEBUG /PDB:"D:\studymyself\c++\vs2010\download\Debug\download1.pdb" /SUBSYSTEM:WINDOWS /TLBID:1 /DYNAMICBASE /NXCOMPAT /IMPLIB:"D:\studymyself\c++\vs2010\download\Debug\download1.lib" /MACHINE:X86 Debug\download1.res
         Debug\download1.exe.embed.manifest.res
         Debug\download1.obj
         Debug\stdafx.obj
       Manifest:
         C:\Program Files\Microsoft SDKs\Windows\v7.0A\bin\mt.exe /nologo /verbose /out:"Debug\download1.exe.embed.manifest" /manifest Debug\download1.exe.intermediate.manifest
         所有输出均为最新。
       LinkEmbedManifest:
         所有输出均为最新。
         download1.vcxproj -> D:\studymyself\c++\vs2010\download\Debug\download1.exe
       FinalizeBuildStatus:
         正在删除文件“Debug\download1.unsuccessfulbuild”。
         正在对“Debug\download1.lastbuildstate”执行 Touch 任务。
     1>已完成生成项目“D:\studymyself\c++\vs2010\download\download1\download1.vcxproj”(build 个目标)的操作。

生成成功。

已用时间 00:00:01.09
