生成启动时间为 2013/3/23 10:55:54。
     1>项目“D:\studymyself\c++\vs2010\GroupWinsock\GroupWinsock\GroupWinsock.vcxproj”在节点 2 上(build 个目标)。
     1>InitializeBuildStatus:
         正在创建“Debug\GroupWinsock.unsuccessfulbuild”，因为已指定“AlwaysCreate”。
       ClCompile:
         所有输出均为最新。
         C:\Program Files\Microsoft Visual Studio 10.0\VC\bin\CL.exe /c /ZI /nologo /W3 /WX- /Od /Oy- /D WIN32 /D _WINDOWS /D _DEBUG /D _UNICODE /D UNICODE /Gm /EHsc /RTC1 /MTd /GS /fp:precise /Zc:wchar_t /Zc:forScope /Yu"StdAfx.h" /Fp"Debug\GroupWinsock.pch" /Fo"Debug\\" /Fd"Debug\vc100.pdb" /Gd /TP /analyze- /errorReport:prompt GroupWinsockDlg.cpp
         GroupWinsockDlg.cpp
       ResourceCompile:
         所有输出均为最新。
       ManifestResourceCompile:
         所有输出均为最新。
       Link:
         C:\Program Files\Microsoft Visual Studio 10.0\VC\bin\link.exe /ERRORREPORT:PROMPT /OUT:"D:\studymyself\c++\vs2010\GroupWinsock\Debug\GroupWinsock.exe" /INCREMENTAL /NOLOGO /MANIFEST /ManifestFile:"Debug\GroupWinsock.exe.intermediate.manifest" /MANIFESTUAC:"level='asInvoker' uiAccess='false'" /DEBUG /PDB:"D:\studymyself\c++\vs2010\GroupWinsock\Debug\GroupWinsock.pdb" /SUBSYSTEM:WINDOWS /TLBID:1 /ENTRY:"wWinMainCRTStartup" /DYNAMICBASE /NXCOMPAT /IMPLIB:"D:\studymyself\c++\vs2010\GroupWinsock\Debug\GroupWinsock.lib" /MACHINE:X86 Debug\GroupWinsock.res
         Debug\GroupWinsock.exe.embed.manifest.res
         Debug\GroupWinsock.obj
         Debug\GroupWinsockDlg.obj
         Debug\stdafx.obj
       Manifest:
         C:\Program Files\Microsoft SDKs\Windows\v7.0A\bin\mt.exe /nologo /verbose /out:"Debug\GroupWinsock.exe.embed.manifest" /manifest Debug\GroupWinsock.exe.intermediate.manifest "C:\Program Files\Microsoft Visual Studio 10.0\VC\Include\Manifest\dpiaware.manifest"
         所有输出均为最新。
       LinkEmbedManifest:
         所有输出均为最新。
         GroupWinsock.vcxproj -> D:\studymyself\c++\vs2010\GroupWinsock\Debug\GroupWinsock.exe
       FinalizeBuildStatus:
         正在删除文件“Debug\GroupWinsock.unsuccessfulbuild”。
         正在对“Debug\GroupWinsock.lastbuildstate”执行 Touch 任务。
     1>已完成生成项目“D:\studymyself\c++\vs2010\GroupWinsock\GroupWinsock\GroupWinsock.vcxproj”(build 个目标)的操作。

生成成功。

已用时间 00:00:03.23
